0 info it worked if it ends with ok
1 verbose cli [ 'node', '/usr/local/bin/npm', 'install', '-g', 'browserify' ]
2 info using npm@2.7.4
3 info using node@v0.12.2
4 silly cache add args [ 'browserify', null ]
5 verbose cache add spec browserify
6 silly cache add parsed spec { raw: 'browserify',
6 silly cache add   scope: null,
6 silly cache add   name: 'browserify',
6 silly cache add   rawSpec: '',
6 silly cache add   spec: '*',
6 silly cache add   type: 'range' }
7 verbose addNamed browserify@*
8 silly addNamed semver.valid null
9 silly addNamed semver.validRange *
10 silly addNameRange { name: 'browserify', range: '*', hasData: false }
11 silly mapToRegistry name browserify
12 silly mapToRegistry using default registry
13 silly mapToRegistry registry https://registry.npmjs.org/
14 silly mapToRegistry uri https://registry.npmjs.org/browserify
15 verbose addNameRange registry:https://registry.npmjs.org/browserify not in flight; fetching
16 verbose request uri https://registry.npmjs.org/browserify
17 verbose request no auth needed
18 info attempt registry request try #1 at 12:54:05 PM
19 verbose request id 730556413bc2a86e
20 http request GET https://registry.npmjs.org/browserify
21 http 200 https://registry.npmjs.org/browserify
22 silly get cb [ 200,
22 silly get   { server: 'CouchDB/1.5.0 (Erlang OTP/R16B03)',
22 silly get     etag: '"BLOTXV8C6QOUL5Y3BFILUHSGV"',
22 silly get     'content-type': 'application/json',
22 silly get     'cache-control': 'max-age=300',
22 silly get     'content-length': '858246',
22 silly get     'accept-ranges': 'bytes',
22 silly get     date: 'Sat, 12 Mar 2016 19:54:05 GMT',
22 silly get     via: '1.1 varnish',
22 silly get     age: '273',
22 silly get     connection: 'keep-alive',
22 silly get     'x-served-by': 'cache-sjc3127-SJC',
22 silly get     'x-cache': 'HIT',
22 silly get     'x-cache-hits': '1',
22 silly get     'x-timer': 'S1457812445.274108,VS0,VE1',
22 silly get     vary: 'Accept' } ]
23 verbose get saving browserify to /Users/Donald/.npm/registry.npmjs.org/browserify/.cache.json
24 silly addNameRange number 2 { name: 'browserify', range: '*', hasData: true }
25 silly addNameRange versions [ 'browserify',
25 silly addNameRange   [ '0.0.1',
25 silly addNameRange     '0.0.2',
25 silly addNameRange     '0.0.3',
25 silly addNameRange     '0.0.4',
25 silly addNameRange     '0.0.5',
25 silly addNameRange     '0.1.0',
25 silly addNameRange     '0.1.1',
25 silly addNameRange     '0.1.2',
25 silly addNameRange     '0.1.3',
25 silly addNameRange     '0.1.4',
25 silly addNameRange     '0.1.5',
25 silly addNameRange     '0.2.0',
25 silly addNameRange     '0.2.1',
25 silly addNameRange     '0.2.2',
25 silly addNameRange     '0.2.3',
25 silly addNameRange     '0.2.4',
25 silly addNameRange     '0.2.5',
25 silly addNameRange     '0.2.6',
25 silly addNameRange     '0.2.7',
25 silly addNameRange     '0.2.8',
25 silly addNameRange     '0.2.9',
25 silly addNameRange     '0.2.10',
25 silly addNameRange     '0.2.11',
25 silly addNameRange     '0.3.0',
25 silly addNameRange     '0.3.1',
25 silly addNameRange     '0.3.2',
25 silly addNameRange     '0.3.3',
25 silly addNameRange     '0.3.4',
25 silly addNameRange     '0.3.5',
25 silly addNameRange     '0.3.6',
25 silly addNameRange     '0.3.7',
25 silly addNameRange     '0.4.0',
25 silly addNameRange     '0.4.1',
25 silly addNameRange     '0.4.2',
25 silly addNameRange     '0.4.3',
25 silly addNameRange     '0.4.4',
25 silly addNameRange     '0.4.5',
25 silly addNameRange     '0.4.6',
25 silly addNameRange     '0.4.7',
25 silly addNameRange     '0.4.8',
25 silly addNameRange     '0.4.9',
25 silly addNameRange     '0.4.10',
25 silly addNameRange     '0.4.11',
25 silly addNameRange     '0.4.12',
25 silly addNameRange     '0.4.13',
25 silly addNameRange     '0.4.14',
25 silly addNameRange     '0.4.15',
25 silly addNameRange     '0.5.0',
25 silly addNameRange     '0.5.1',
25 silly addNameRange     '0.5.2',
25 silly addNameRange     '1.0.0',
25 silly addNameRange     '1.1.0',
25 silly addNameRange     '1.1.1',
25 silly addNameRange     '1.1.2',
25 silly addNameRange     '1.1.3',
25 silly addNameRange     '1.1.4',
25 silly addNameRange     '1.2.0',
25 silly addNameRange     '1.2.1',
25 silly addNameRange     '1.2.2',
25 silly addNameRange     '1.2.3',
25 silly addNameRange     '1.2.4',
25 silly addNameRange     '1.2.5',
25 silly addNameRange     '1.2.6',
25 silly addNameRange     '1.2.7',
25 silly addNameRange     '1.2.8',
25 silly addNameRange     '1.2.9',
25 silly addNameRange     '1.3.0',
25 silly addNameRange     '1.4.0',
25 silly addNameRange     '1.4.1',
25 silly addNameRange     '1.4.2',
25 silly addNameRange     '1.4.3',
25 silly addNameRange     '1.4.4',
25 silly addNameRange     '1.4.5',
25 silly addNameRange     '1.4.6',
25 silly addNameRange     '1.4.7',
25 silly addNameRange     '1.4.8',
25 silly addNameRange     '1.5.0',
25 silly addNameRange     '1.6.0',
25 silly addNameRange     '1.6.1',
25 silly addNameRange     '1.7.0',
25 silly addNameRange     '1.7.1',
25 silly addNameRange     '1.7.2',
25 silly addNameRange     '1.7.3',
25 silly addNameRange     '1.7.4',
25 silly addNameRange     '1.7.5',
25 silly addNameRange     '1.7.6',
25 silly addNameRange     '1.7.7',
25 silly addNameRange     '1.8.0',
25 silly addNameRange     '1.8.1',
25 silly addNameRange     '1.8.2',
25 silly addNameRange     '1.8.3',
25 silly addNameRange     '1.9.0',
25 silly addNameRange     '1.9.1',
25 silly addNameRange     '1.9.2',
25 silly addNameRange     '1.9.3',
25 silly addNameRange     '1.9.4',
25 silly addNameRange     '1.10.0',
25 silly addNameRange     '1.10.1',
25 silly addNameRange     '1.10.2',
25 silly addNameRange     '1.10.3',
25 silly addNameRange     '1.10.4',
25 silly addNameRange     '1.10.5',
25 silly addNameRange     '1.10.6',
25 silly addNameRange     '1.10.7',
25 silly addNameRange     '1.10.8',
25 silly addNameRange     '1.10.9',
25 silly addNameRange     '1.10.11',
25 silly addNameRange     '1.10.12',
25 silly addNameRange     '1.10.13',
25 silly addNameRange     '1.10.14',
25 silly addNameRange     '1.10.15',
25 silly addNameRange     '1.10.16',
25 silly addNameRange     '1.10.17',
25 silly addNameRange     '1.11.0',
25 silly addNameRange     '1.11.1',
25 silly addNameRange     '1.12.0',
25 silly addNameRange     '1.12.1',
25 silly addNameRange     '1.12.2',
25 silly addNameRange     '1.12.3',
25 silly addNameRange     '1.13.0',
25 silly addNameRange     '1.13.1',
25 silly addNameRange     '1.13.2',
25 silly addNameRange     '1.13.3',
25 silly addNameRange     '1.13.4',
25 silly addNameRange     '1.13.5',
25 silly addNameRange     '1.13.6',
25 silly addNameRange     '1.13.8',
25 silly addNameRange     '1.13.9',
25 silly addNameRange     '1.13.10',
25 silly addNameRange     '1.14.0',
25 silly addNameRange     '1.14.1',
25 silly addNameRange     '1.14.2',
25 silly addNameRange     '1.14.3',
25 silly addNameRange     '1.14.4',
25 silly addNameRange     '1.14.5',
25 silly addNameRange     '1.15.0',
25 silly addNameRange     '1.15.1',
25 silly addNameRange     '1.15.2',
25 silly addNameRange     '1.15.3',
25 silly addNameRange     '1.15.4',
25 silly addNameRange     '1.15.5',
25 silly addNameRange     '1.15.6',
25 silly addNameRange     '1.16.0',
25 silly addNameRange     '1.16.1',
25 silly addNameRange     '1.16.2',
25 silly addNameRange     '1.16.3',
25 silly addNameRange     '1.16.4',
25 silly addNameRange     '1.16.5',
25 silly addNameRange     '1.16.6',
25 silly addNameRange     '1.16.7',
25 silly addNameRange     '1.16.8',
25 silly addNameRange     '1.17.0',
25 silly addNameRange     '1.17.1',
25 silly addNameRange     '1.17.2',
25 silly addNameRange     '1.17.3',
25 silly addNameRange     '1.18.0',
25 silly addNameRange     '2.0.0',
25 silly addNameRange     '2.0.1',
25 silly addNameRange     '2.1.0',
25 silly addNameRange     '2.2.0',
25 silly addNameRange     '2.2.1',
25 silly addNameRange     '2.2.2',
25 silly addNameRange     '2.2.3',
25 silly addNameRange     '2.2.4',
25 silly addNameRange     '2.2.5',
25 silly addNameRange     '2.2.6',
25 silly addNameRange     '2.3.0',
25 silly addNameRange     '2.3.1',
25 silly addNameRange     '2.4.0',
25 silly addNameRange     '2.4.1',
25 silly addNameRange     '2.4.2',
25 silly addNameRange     '2.4.3',
25 silly addNameRange     '2.5.0',
25 silly addNameRange     '2.5.1',
25 silly addNameRange     '2.6.0',
25 silly addNameRange     '2.6.1',
25 silly addNameRange     '2.7.0',
25 silly addNameRange     '2.7.1',
25 silly addNameRange     '2.7.2',
25 silly addNameRange     '2.7.3',
25 silly addNameRange     '2.7.4',
25 silly addNameRange     '2.8.0',
25 silly addNameRange     '2.8.1',
25 silly addNameRange     '2.9.0',
25 silly addNameRange     '2.10.0',
25 silly addNameRange     '2.10.1',
25 silly addNameRange     '2.10.2',
25 silly addNameRange     '2.11.0',
25 silly addNameRange     '2.12.0',
25 silly addNameRange     '2.12.1',
25 silly addNameRange     '2.12.2',
25 silly addNameRange     '2.12.3',
25 silly addNameRange     '2.12.4',
25 silly addNameRange     '2.12.5',
25 silly addNameRange     '2.13.0',
25 silly addNameRange     '2.13.1',
25 silly addNameRange     '2.13.2',
25 silly addNameRange     '2.13.3',
25 silly addNameRange     '2.14.0',
25 silly addNameRange     '2.14.1',
25 silly addNameRange     '2.14.2',
25 silly addNameRange     '2.15.0',
25 silly addNameRange     '2.16.0',
25 silly addNameRange     '2.17.0',
25 silly addNameRange     '2.17.1',
25 silly addNameRange     '2.17.2',
25 silly addNameRange     '2.17.3',
25 silly addNameRange     '2.17.4',
25 silly addNameRange     '2.18.0',
25 silly addNameRange     '2.18.1',
25 silly addNameRange     '2.19.0',
25 silly addNameRange     '2.20.0',
25 silly addNameRange     '2.20.1',
25 silly addNameRange     '2.20.2',
25 silly addNameRange     '2.21.0',
25 silly addNameRange     '2.22.0',
25 silly addNameRange     '2.23.0',
25 silly addNameRange     '2.23.1',
25 silly addNameRange     '2.24.0',
25 silly addNameRange     '2.24.1',
25 silly addNameRange     '2.24.2',
25 silly addNameRange     '2.24.3',
25 silly addNameRange     '2.25.0',
25 silly addNameRange     '2.25.1',
25 silly addNameRange     '2.26.0',
25 silly addNameRange     '2.27.0',
25 silly addNameRange     '2.27.1',
25 silly addNameRange     '2.28.0',
25 silly addNameRange     '2.29.0',
25 silly addNameRange     '2.29.1',
25 silly addNameRange     '2.30.0',
25 silly addNameRange     '2.31.0',
25 silly addNameRange     '2.32.0',
25 silly addNameRange     '2.32.1',
25 silly addNameRange     '2.32.2',
25 silly addNameRange     '2.32.3',
25 silly addNameRange     '2.32.4',
25 silly addNameRange     '2.33.0',
25 silly addNameRange     '2.33.1',
25 silly addNameRange     '2.34.0',
25 silly addNameRange     '2.34.1',
25 silly addNameRange     '2.34.2',
25 silly addNameRange     '2.34.3',
25 silly addNameRange     '2.35.0',
25 silly addNameRange     '2.35.1',
25 silly addNameRange     '2.35.2',
25 silly addNameRange     '2.35.3',
25 silly addNameRange     '2.35.4',
25 silly addNameRange     '2.36.0',
25 silly addNameRange     '2.36.1',
25 silly addNameRange     '3.0.0',
25 silly addNameRange     '3.1.0',
25 silly addNameRange     '3.1.1',
25 silly addNameRange     '3.1.2',
25 silly addNameRange     '3.1.3',
25 silly addNameRange     '3.2.0',
25 silly addNameRange     '3.2.1',
25 silly addNameRange     '3.2.2',
25 silly addNameRange     '3.3.0',
25 silly addNameRange     '3.4.0',
25 silly addNameRange     '3.4.1',
25 silly addNameRange     '3.5.0',
25 silly addNameRange     '3.6.0',
25 silly addNameRange     '3.7.0',
25 silly addNameRange     '3.8.0',
25 silly addNameRange     '3.8.1',
25 silly addNameRange     '3.9.0',
25 silly addNameRange     '3.9.1',
25 silly addNameRange     '3.10.0',
25 silly addNameRange     '3.11.0',
25 silly addNameRange     '3.11.1',
25 silly addNameRange     '3.12.0',
25 silly addNameRange     '3.13.0',
25 silly addNameRange     '3.14.0',
25 silly addNameRange     '3.14.1',
25 silly addNameRange     '3.16.0',
25 silly addNameRange     '3.16.1',
25 silly addNameRange     '3.17.0',
25 silly addNameRange     '3.18.0',
25 silly addNameRange     '3.19.0',
25 silly addNameRange     '3.19.1',
25 silly addNameRange     '3.20.0',
25 silly addNameRange     '3.20.1',
25 silly addNameRange     '3.20.2',
25 silly addNameRange     '3.21.0',
25 silly addNameRange     '3.21.1',
25 silly addNameRange     '3.22.0',
25 silly addNameRange     '3.22.1',
25 silly addNameRange     '3.23.0',
25 silly addNameRange     '3.23.1',
25 silly addNameRange     '3.24.0',
25 silly addNameRange     '3.24.1',
25 silly addNameRange     '3.24.2',
25 silly addNameRange     '3.24.3',
25 silly addNameRange     '3.24.4',
25 silly addNameRange     '3.24.5',
25 silly addNameRange     '3.24.6',
25 silly addNameRange     '3.24.7',
25 silly addNameRange     '3.24.8',
25 silly addNameRange     '3.24.9',
25 silly addNameRange     '3.24.10',
25 silly addNameRange     '3.24.11',
25 silly addNameRange     '3.24.13',
25 silly addNameRange     '3.25.0',
25 silly addNameRange     '3.25.1',
25 silly addNameRange     '3.25.2',
25 silly addNameRange     '3.26.0',
25 silly addNameRange     '3.27.0',
25 silly addNameRange     '3.27.1',
25 silly addNameRange     '3.28.0',
25 silly addNameRange     '3.28.1',
25 silly addNameRange     '3.28.2',
25 silly addNameRange     '3.29.0',
25 silly addNameRange     '3.29.1',
25 silly addNameRange     '3.30.0',
25 silly addNameRange     '3.30.1',
25 silly addNameRange     '3.30.2',
25 silly addNameRange     '3.30.3',
25 silly addNameRange     '3.30.4',
25 silly addNameRange     '3.31.0',
25 silly addNameRange     '3.31.1',
25 silly addNameRange     '3.31.2',
25 silly addNameRange     '3.32.0',
25 silly addNameRange     '3.32.1',
25 silly addNameRange     '3.33.0',
25 silly addNameRange     '3.33.1',
25 silly addNameRange     '3.34.0',
25 silly addNameRange     '3.35.0',
25 silly addNameRange     '3.36.0',
25 silly addNameRange     '3.36.1',
25 silly addNameRange     '3.37.0',
25 silly addNameRange     '3.37.1',
25 silly addNameRange     '3.37.2',
25 silly addNameRange     '3.38.0',
25 silly addNameRange     '3.38.1',
25 silly addNameRange     '3.39.0',
25 silly addNameRange     '3.40.0',
25 silly addNameRange     '3.40.1',
25 silly addNameRange     '3.40.2',
25 silly addNameRange     '3.40.3',
25 silly addNameRange     '3.40.4',
25 silly addNameRange     '3.41.0',
25 silly addNameRange     '3.42.0',
25 silly addNameRange     '3.43.0',
25 silly addNameRange     '3.44.0',
25 silly addNameRange     '3.44.1',
25 silly addNameRange     '3.44.2',
25 silly addNameRange     '3.45.0',
25 silly addNameRange     '3.46.0',
25 silly addNameRange     '3.46.1',
25 silly addNameRange     '4.0.0',
25 silly addNameRange     '4.1.0',
25 silly addNameRange     '4.1.1',
25 silly addNameRange     '4.1.2',
25 silly addNameRange     '4.1.3',
25 silly addNameRange     '4.1.4',
25 silly addNameRange     '4.1.5',
25 silly addNameRange     '4.1.6',
25 silly addNameRange     '4.1.7',
25 silly addNameRange     '4.1.8',
25 silly addNameRange     '4.1.9',
25 silly addNameRange     '4.1.10',
25 silly addNameRange     '4.1.11',
25 silly addNameRange     '4.2.0',
25 silly addNameRange     '4.2.1',
25 silly addNameRange     '4.2.2',
25 silly addNameRange     '4.2.3',
25 silly addNameRange     '5.0.0',
25 silly addNameRange     '5.0.1',
25 silly addNameRange     '5.0.2',
25 silly addNameRange     '5.0.3',
25 silly addNameRange     '5.0.4',
25 silly addNameRange     '5.0.5',
25 silly addNameRange     '5.0.6',
25 silly addNameRange     '5.0.7',
25 silly addNameRange     '5.0.8',
25 silly addNameRange     '5.1.0',
25 silly addNameRange     '5.1.1',
25 silly addNameRange     '5.2.0',
25 silly addNameRange     '5.2.1',
25 silly addNameRange     '5.3.0',
25 silly addNameRange     '5.4.0',
25 silly addNameRange     '5.4.1',
25 silly addNameRange     '5.4.2',
25 silly addNameRange     '5.5.0',
25 silly addNameRange     '5.6.0',
25 silly addNameRange     '5.6.1',
25 silly addNameRange     '5.7.0',
25 silly addNameRange     '5.8.0',
25 silly addNameRange     '5.9.0',
25 silly addNameRange     '5.9.1',
25 silly addNameRange     '5.9.2',
25 silly addNameRange     '5.9.3',
25 silly addNameRange     '5.10.0',
25 silly addNameRange     '5.10.1',
25 silly addNameRange     '5.11.0',
25 silly addNameRange     '5.11.1',
25 silly addNameRange     '5.11.2',
25 silly addNameRange     '5.12.0',
25 silly addNameRange     '5.12.1',
25 silly addNameRange     '5.12.2',
25 silly addNameRange     '5.13.0',
25 silly addNameRange     '5.13.1',
25 silly addNameRange     '6.0.0',
25 silly addNameRange     '6.0.1',
25 silly addNameRange     '6.0.2',
25 silly addNameRange     '6.0.3',
25 silly addNameRange     '6.1.0',
25 silly addNameRange     '6.1.1',
25 silly addNameRange     '6.1.2',
25 silly addNameRange     '6.2.0',
25 silly addNameRange     '6.3.0',
25 silly addNameRange     '6.3.1',
25 silly addNameRange     '6.3.2',
25 silly addNameRange     '6.3.3',
25 silly addNameRange     '6.3.4',
25 silly addNameRange     '7.0.0',
25 silly addNameRange     '7.0.1',
25 silly addNameRange     '7.0.2',
25 silly addNameRange     '7.0.3',
25 silly addNameRange     '7.1.0',
25 silly addNameRange     '8.0.0',
25 silly addNameRange     '8.0.1',
25 silly addNameRange     '8.0.2',
25 silly addNameRange     '8.0.3',
25 silly addNameRange     '8.1.0',
25 silly addNameRange     '8.1.1',
25 silly addNameRange     '8.1.2',
25 silly addNameRange     '8.1.3',
25 silly addNameRange     '9.0.0',
25 silly addNameRange     '9.0.1',
25 silly addNameRange     '9.0.2',
25 silly addNameRange     '9.0.3',
25 silly addNameRange     '9.0.4',
25 silly addNameRange     '9.0.5',
25 silly addNameRange     '9.0.6',
25 silly addNameRange     '9.0.7',
25 silly addNameRange     '9.0.8',
25 silly addNameRange     '10.0.0',
25 silly addNameRange     '10.1.0',
25 silly addNameRange     '10.1.1',
25 silly addNameRange     '10.1.2',
25 silly addNameRange     '10.1.3',
25 silly addNameRange     '10.2.0',
25 silly addNameRange     '10.2.1',
25 silly addNameRange     '10.2.3',
25 silly addNameRange     '10.2.4',
25 silly addNameRange     '10.2.5',
25 silly addNameRange     '10.2.6',
25 silly addNameRange     '11.0.0',
25 silly addNameRange     '11.0.1',
25 silly addNameRange     '11.1.0',
25 silly addNameRange     '11.2.0',
25 silly addNameRange     '12.0.0',
25 silly addNameRange     '12.0.1',
25 silly addNameRange     '12.0.2',
25 silly addNameRange     '13.0.0' ] ]
26 verbose addNamed browserify@13.0.0
27 silly addNamed semver.valid 13.0.0
28 silly addNamed semver.validRange 13.0.0
29 silly mapToRegistry name browserify
30 silly mapToRegistry using default registry
31 silly mapToRegistry registry https://registry.npmjs.org/
32 silly mapToRegistry uri https://registry.npmjs.org/browserify
33 verbose addRemoteTarball https://registry.npmjs.org/browserify/-/browserify-13.0.0.tgz not in flight; adding
34 verbose addRemoteTarball [ 'https://registry.npmjs.org/browserify/-/browserify-13.0.0.tgz',
34 verbose addRemoteTarball   '8f223bb24ff4ee4335e6bea9671de294e43ba6a3' ]
35 info retry fetch attempt 1 at 12:54:05 PM
36 info attempt registry request try #1 at 12:54:05 PM
37 http fetch GET https://registry.npmjs.org/browserify/-/browserify-13.0.0.tgz
38 http fetch 200 https://registry.npmjs.org/browserify/-/browserify-13.0.0.tgz
39 silly fetchAndShaCheck shasum 8f223bb24ff4ee4335e6bea9671de294e43ba6a3
40 verbose addTmpTarball /var/folders/qc/r65mw_k54gv2w3jbd4f8w2780000gn/T/npm-24892-808ac64c/registry.npmjs.org/browserify/-/browserify-13.0.0.tgz not in flight; adding
41 verbose addTmpTarball already have metadata; skipping unpack for browserify@13.0.0
42 silly cache afterAdd browserify@13.0.0
43 verbose afterAdd /Users/Donald/.npm/browserify/13.0.0/package/package.json not in flight; writing
44 verbose afterAdd /Users/Donald/.npm/browserify/13.0.0/package/package.json written
45 silly install resolved [ { name: 'browserify',
45 silly install resolved     version: '13.0.0',
45 silly install resolved     description: 'browser-side require() the node way',
45 silly install resolved     main: 'index.js',
45 silly install resolved     bin: { browserify: 'bin/cmd.js' },
45 silly install resolved     repository:
45 silly install resolved      { type: 'git',
45 silly install resolved        url: 'git+ssh://git@github.com/substack/node-browserify.git' },
45 silly install resolved     keywords:
45 silly install resolved      [ 'browser',
45 silly install resolved        'require',
45 silly install resolved        'commonjs',
45 silly install resolved        'commonj-esque',
45 silly install resolved        'bundle',
45 silly install resolved        'npm',
45 silly install resolved        'javascript' ],
45 silly install resolved     dependencies:
45 silly install resolved      { JSONStream: '^1.0.3',
45 silly install resolved        assert: '~1.3.0',
45 silly install resolved        'browser-pack': '^6.0.1',
45 silly install resolved        'browser-resolve': '^1.11.0',
45 silly install resolved        'browserify-zlib': '~0.1.2',
45 silly install resolved        buffer: '^4.1.0',
45 silly install resolved        'concat-stream': '~1.5.1',
45 silly install resolved        'console-browserify': '^1.1.0',
45 silly install resolved        'constants-browserify': '~1.0.0',
45 silly install resolved        'crypto-browserify': '^3.0.0',
45 silly install resolved        defined: '^1.0.0',
45 silly install resolved        'deps-sort': '^2.0.0',
45 silly install resolved        'domain-browser': '~1.1.0',
45 silly install resolved        duplexer2: '~0.1.2',
45 silly install resolved        events: '~1.1.0',
45 silly install resolved        glob: '^5.0.15',
45 silly install resolved        has: '^1.0.0',
45 silly install resolved        htmlescape: '^1.1.0',
45 silly install resolved        'stream-http': '^2.0.0',
45 silly install resolved        'https-browserify': '~0.0.0',
45 silly install resolved        inherits: '~2.0.1',
45 silly install resolved        'insert-module-globals': '^7.0.0',
45 silly install resolved        isarray: '0.0.1',
45 silly install resolved        'labeled-stream-splicer': '^2.0.0',
45 silly install resolved        'module-deps': '^4.0.2',
45 silly install resolved        'os-browserify': '~0.1.1',
45 silly install resolved        parents: '^1.0.1',
45 silly install resolved        'path-browserify': '~0.0.0',
45 silly install resolved        process: '~0.11.0',
45 silly install resolved        punycode: '^1.3.2',
45 silly install resolved        'querystring-es3': '~0.2.0',
45 silly install resolved        'read-only-stream': '^2.0.0',
45 silly install resolved        'readable-stream': '^2.0.2',
45 silly install resolved        resolve: '^1.1.4',
45 silly install resolved        shasum: '^1.0.0',
45 silly install resolved        'shell-quote': '^1.4.3',
45 silly install resolved        'stream-browserify': '^2.0.0',
45 silly install resolved        string_decoder: '~0.10.0',
45 silly install resolved        subarg: '^1.0.0',
45 silly install resolved        'syntax-error': '^1.1.1',
45 silly install resolved        through2: '^2.0.0',
45 silly install resolved        'timers-browserify': '^1.0.1',
45 silly install resolved        'tty-browserify': '~0.0.0',
45 silly install resolved        url: '~0.11.0',
45 silly install resolved        util: '~0.10.1',
45 silly install resolved        'vm-browserify': '~0.0.1',
45 silly install resolved        xtend: '^4.0.0' },
45 silly install resolved     devDependencies:
45 silly install resolved      { backbone: '~0.9.2',
45 silly install resolved        'browser-unpack': '^1.1.1',
45 silly install resolved        'coffee-script': '~1.10.0',
45 silly install resolved        coffeeify: '~1.1.0',
45 silly install resolved        es6ify: '~0.4.8',
45 silly install resolved        isstream: '^0.1.2',
45 silly install resolved        seq: '0.3.5',
45 silly install resolved        tap: '^2.2.0',
45 silly install resolved        temp: '^0.8.1',
45 silly install resolved        through: '^2.3.4' },
45 silly install resolved     author:
45 silly install resolved      { name: 'James Halliday',
45 silly install resolved        email: 'mail@substack.net',
45 silly install resolved        url: 'http://substack.net' },
45 silly install resolved     scripts: { test: 'tap test/*.js' },
45 silly install resolved     license: 'MIT',
45 silly install resolved     gitHead: '5b82a2f1bc061cb47ff4aa7c702ed79fc20effa8',
45 silly install resolved     bugs: { url: 'https://github.com/substack/node-browserify/issues' },
45 silly install resolved     homepage: 'https://github.com/substack/node-browserify#readme',
45 silly install resolved     _id: 'browserify@13.0.0',
45 silly install resolved     _shasum: '8f223bb24ff4ee4335e6bea9671de294e43ba6a3',
45 silly install resolved     _from: 'browserify@*',
45 silly install resolved     _npmVersion: '2.14.7',
45 silly install resolved     _nodeVersion: '4.2.3',
45 silly install resolved     _npmUser: { name: 'feross', email: 'feross@feross.org' },
45 silly install resolved     dist:
45 silly install resolved      { shasum: '8f223bb24ff4ee4335e6bea9671de294e43ba6a3',
45 silly install resolved        tarball: 'http://registry.npmjs.org/browserify/-/browserify-13.0.0.tgz' },
45 silly install resolved     maintainers:
45 silly install resolved      [ [Object],
45 silly install resolved        [Object],
45 silly install resolved        [Object],
45 silly install resolved        [Object],
45 silly install resolved        [Object],
45 silly install resolved        [Object],
45 silly install resolved        [Object],
45 silly install resolved        [Object],
45 silly install resolved        [Object],
45 silly install resolved        [Object],
45 silly install resolved        [Object] ],
45 silly install resolved     directories: {},
45 silly install resolved     _resolved: 'https://registry.npmjs.org/browserify/-/browserify-13.0.0.tgz' } ]
46 info install browserify@13.0.0 into /usr/local/lib
47 info installOne browserify@13.0.0
48 verbose installOne of browserify to /usr/local/lib not in flight; installing
49 verbose lock using /Users/Donald/.npm/_locks/browserify-361ec04d0c7090cb.lock for /usr/local/lib/node_modules/browserify
50 silly install write writing browserify 13.0.0 to /usr/local/lib/node_modules/browserify
51 silly cache addNamed cb browserify@13.0.0
52 verbose unbuild lib/node_modules/browserify
53 silly gentlyRm /usr/local/lib/node_modules/browserify is being purged from base /usr/local
54 verbose gentlyRm don't care about contents; nuking /usr/local/lib/node_modules/browserify
55 verbose tar unpack /Users/Donald/.npm/browserify/13.0.0/package.tgz
56 verbose tar unpacking to /usr/local/lib/node_modules/browserify
57 silly gentlyRm /usr/local/lib/node_modules/browserify is being purged
58 verbose gentlyRm don't care about contents; nuking /usr/local/lib/node_modules/browserify
59 silly gunzTarPerm modes [ '755', '644' ]
60 error tar.unpack untar error /Users/Donald/.npm/browserify/13.0.0/package.tgz
61 verbose unlock done using /Users/Donald/.npm/_locks/browserify-361ec04d0c7090cb.lock for /usr/local/lib/node_modules/browserify
62 verbose fstream_path /usr/local/lib/node_modules/browserify
63 verbose fstream_type Directory
64 verbose fstream_class DirWriter
65 verbose stack Error: EACCES, mkdir '/usr/local/lib/node_modules/browserify'
65 verbose stack     at Error (native)
66 verbose fstream_stack /usr/local/lib/node_modules/npm/node_modules/fstream/lib/dir-writer.js:36:23
66 verbose fstream_stack /usr/local/lib/node_modules/npm/node_modules/mkdirp/index.js:46:53
66 verbose fstream_stack FSReqWrap.oncomplete (fs.js:95:15)
67 verbose cwd /Users/Donald/Projects/fundable
68 error Darwin 15.3.0
69 error argv "node" "/usr/local/bin/npm" "install" "-g" "browserify"
70 error node v0.12.2
71 error npm  v2.7.4
72 error path /usr/local/lib/node_modules/browserify
73 error code EACCES
74 error errno -13
75 error Error: EACCES, mkdir '/usr/local/lib/node_modules/browserify'
75 error     at Error (native)
75 error  { [Error: EACCES, mkdir '/usr/local/lib/node_modules/browserify']
75 error   errno: -13,
75 error   code: 'EACCES',
75 error   path: '/usr/local/lib/node_modules/browserify',
75 error   fstream_type: 'Directory',
75 error   fstream_path: '/usr/local/lib/node_modules/browserify',
75 error   fstream_class: 'DirWriter',
75 error   fstream_stack:
75 error    [ '/usr/local/lib/node_modules/npm/node_modules/fstream/lib/dir-writer.js:36:23',
75 error      '/usr/local/lib/node_modules/npm/node_modules/mkdirp/index.js:46:53',
75 error      'FSReqWrap.oncomplete (fs.js:95:15)' ] }
76 error Please try running this command again as root/Administrator.
77 verbose exit [ -13, true ]
78 verbose unbuild lib/node_modules/browserify
79 silly gentlyRm /usr/local/lib/node_modules/browserify is being purged from base /usr/local
80 verbose gentlyRm don't care about contents; nuking /usr/local/lib/node_modules/browserify
